 4.00000000 837.712158 552.768066 695.240112 7.00869709E-02 6.44803718E-02 6.72836751E-02 1.08695042 1.18146133
 4.09999990 897.875671 668.394775 783.135193 7.22951218E-02 6.19177520E-02 6.71064332E-02 1.16759920 1.36328804
 4.20000029 1035.72253 919.780823 977.751709 6.89315051E-02 6.03530183E-02 6.46422580E-02 1.14213848 1.30448020
 4.30000019 1087.40149 1195.74768 1141.21106 6.34953603E-02 5.45983836E-02 5.90767264E-02 1.16295314 1.35245991
 4.40000010 1280.79626 1413.68250 1346.37646 5.80229275E-02 5.24249636E-02 5.52602969E-02 1.10678053 1.22496307
 4.50000000 1374.13904 1524.48706 1448.34924 5.65129332E-02 5.32665029E-02 5.49105294E-02 1.06094694 1.12560844
 4.59999990 1426.85645 1664.79077 1544.33643 5.62642962E-02 5.36017269E-02 5.49496524E-02 1.04967320 1.10181391
 4.70000029 1404.09106 1621.60962 1511.50769 5.72764874E-02 5.28451912E-02 5.50881922E-02 1.08385420 1.17473996
 4.80000019 1362.90125 1515.09692 1438.08215 5.84046021E-02 5.37514389E-02 5.61060496E-02 1.08656812 1.18063033
 4.90000010 1335.41809 1482.14038 1407.90588 6.08436689E-02 5.51992618E-02 5.80550618E-02 1.10225511 1.21496642
 5.00000000 1270.28271 1460.40173 1364.22388 6.41460344E-02 5.71602620E-02 6.06942400E-02 1.12221384 1.25936377
 5.09999990 1200.40051 1398.34961 1298.22412 6.79333434E-02 6.06020205E-02 6.43103048E-02 1.12097478 1.25658453
 5.20000029 1238.75586 1357.67993 1297.53442 6.70525283E-02 6.37075230E-02 6.53992519E-02 1.05250561 1.10776806
 5.30000019 1247.52795 1305.17639 1276.02454 6.67130798E-02 6.56935275E-02 6.62090927E-02 1.01551986 1.03128064
 5.40000010 1212.84900 1270.36621 1241.28442 6.82099462E-02 6.59502521E-02 6.70927912E-02 1.03426361 1.06970119
 5.50000000 1153.98792 1225.88867 1189.53882 7.16126859E-02 6.72243759E-02 6.94429129E-02 1.06527865 1.13481855
 5.59999990 1162.14636 1159.27271 1160.72546 7.62440637E-02 7.08380193E-02 7.35710785E-02 1.07631564 1.15845537
 5.70000029 1195.66260 1125.59985 1161.01611 7.83172995E-02 7.64802694E-02 7.74088800E-02 1.02401972 1.04861641
 5.80000019 1310.13367 1113.25134 1212.76245 7.92403668E-02 8.19561481E-02 8.05834979E-02 0.966862917 0.934823930
 5.90000010 1433.73486 1170.53052 1303.54785 8.13614205E-02 8.59791711E-02 8.36454704E-02 0.946292222 0.895468950
 6.00000000 1507.82849 1265.76721 1388.09924 8.50029886E-02 8.59839469E-02 8.54881927E-02 0.988591373 0.977312982
 6.09999990 1555.73816 1386.65234 1472.09460 8.84966925E-02 8.58529061E-02 8.71888623E-02 1.03079438 1.06253707
 6.20000029 1582.98218 1488.71228 1536.34338 9.26665291E-02 8.70217457E-02 8.98738503E-02 1.06486642 1.13394034
 6.30000019 1578.72900 1602.30322 1590.39209 9.97625291E-02 9.10465717E-02 9.54504237E-02 1.09573078 1.20062590
 6.40000010 1557.73706 1684.47876 1620.44775 0.106766738 9.71591398E-02 0.102012977 1.09888518 1.20754862
 6.50000000 1547.30347 1778.53601 1661.71533 0.116478309 0.106690489 0.111635379 1.09174037 1.19189703
 6.59999990 1614.52258 1783.69067 1698.23462 0.126601949 0.116520770 0.121613324 1.08651829 1.18052208
 6.70000029 1666.64124 1726.44470 1696.23474 0.133707970 0.125752971 0.129771486 1.06325901 1.13051963
 6.80000019 1573.79932 1629.36987 1601.30103 0.142023459 0.135659516 0.138873950 1.04691112 1.09602296
 6.90000010 1502.53467 1542.92236 1522.52246 0.152805671 0.146000370 0.149437740 1.04661155 1.09539568
 7.00000000 1427.21887 1541.51379 1483.78906 0.169313490 0.156747282 0.163093850 1.08016860 1.16676426
 7.09999990 1397.73022 1578.53418 1487.21899 0.187227011 0.167433247 0.177430093 1.11821878 1.25041318
 7.20000029 1363.98926 1575.16357 1468.52051 0.208671257 0.177785233 0.193382666 1.17372656 1.37763417
 7.30000019 1376.03406 1616.00757 1494.82092 0.225565940 0.186344936 0.206151545 1.21047533 1.46525049
 7.40000010 1377.69324 1639.11011 1507.09460 0.243399054 0.200419843 0.222124353 1.21444583 1.47487879
 7.50000000 1412.26270 1630.98767 1520.54236 0.262243390 0.219903395 0.241283000 1.19253910 1.42214942
 7.59999990 1448.51941 1589.47656 1518.30017 0.282272875 0.240511999 0.261599153 1.17363322 1.37741494
 7.70000029 1455.22485 1476.73889 1465.87634 0.308496475 0.266561747 0.287734658 1.15731704 1.33938277
 7.80000019 1482.14087 1367.72925 1425.53101 0.322627276 0.285717368 0.304364562 1.12918329 1.27505481
 7.90000010 1525.29700 1254.79529 1391.60071 0.331380308 0.298026711 0.314895213 1.11191475 1.23635447
 8.00000000 1567.65344 1189.34302 1381.05432 0.302269220 0.294387907 0.298381805 1.02677190 1.05426061
 8.10000038 1609.62549 1001.27393 1311.18884 0.174968705 0.182603076 0.178713873 0.958191454 0.918130934
 8.19999981 1428.27087 862.905090 1180.92334 5.92190512E-02 5.39352559E-02 5.69073893E-02 1.09796548 1.20552826

 9.10000038 2188.57324 2127.85840 2158.89062 0.174108848 0.144584253 0.159674600 1.20420337 1.45010579
 9.19999981 1570.09241 1749.74561 1661.91516 0.211896345 0.173793375 0.192421496 1.21924293 1.48655331
 9.30000019 1326.11804 1614.68909 1473.96619 0.224984780 0.182803929 0.203373611 1.23074365 1.51472998
 9.40000057 1167.82056 1536.85681 1357.43591 0.241157994 0.210270166 0.225287452 1.14689589 1.31537020
 9.50000000 1075.07129 1483.15332 1284.34412 0.248574764 0.231366619 0.239750072 1.07437611 1.15428400
 9.60000038 1019.43451 1459.47559 1244.82141 0.256933302 0.241056710 0.248801380 1.06586242 1.13606274
 9.69999981 996.334351 1446.46655 1223.54395 0.258826822 0.237933367 0.248280600 1.08781219 1.18333530
 9.80000019 963.510742 1435.21655 1197.15942 0.265251577 0.232628852 0.249092653 1.14023507 1.30013597
 9.90000057 938.850281 1435.65979 1184.95496 0.267703533 0.229059488 0.248560414 1.16870749 1.36587703
 10.0000000 921.794678 1419.72314 1168.45374 0.267703235 0.224490851 0.246297091 1.19249058 1.42203367
 10.1000004 921.539490 1431.08264 1173.95203 0.267913252 0.217302829 0.242842346 1.23290277 1.52004921
 10.1999998 935.585449 1420.78516 1175.93909 0.268801451 0.211821124 0.240575090 1.26900208 1.61036634
 10.3000002 953.567139 1414.89954 1182.09753 0.268035859 0.207384214 0.237990826 1.29246020 1.67045343
 10.4000006 975.158508 1395.96289 1183.63037 0.266665101 0.206139728 0.236680046 1.29361331 1.67343545
 10.5000000 995.278320 1396.03894 1193.82031 0.265316546 0.203004330 0.234446272 1.30695009 1.70811868
 10.6000004 1011.36957 1374.20251 1191.12170 0.290015370 0.209893808 0.250322104 1.38172424 1.90916181
 10.6999998 1011.83209 1363.07947 1185.84460 0.262191057 0.196979016 0.229884177 1.33106089 1.77172291
 10.8000002 1026.64734 1336.80383 1180.30286 0.260136306 0.196662471 0.228690550 1.32275522 1.74968147
 10.9000006 1029.91638 1298.60046 1163.03711 0.259516805 0.200245589 0.230150610 1.29599261 1.67959690
 11.0000000 1046.60132 1255.57568 1150.13867 0.258676469 0.201749712 0.230471849 1.28216517 1.64394748
 11.1000004 1071.85327 1229.43542 1149.92810 0.247097105 0.201222003 0.224368066 1.22798252 1.50794113
 11.1999998 1092.43396 1176.49573 1134.08276 0.256769449 0.209555060 0.233376861 1.22530782 1.50137937
 11.3000002 1123.06641 1140.09851 1131.50500 0.256078482 0.213849291 0.235155836 1.19747174 1.43393850
 11.4000006 1150.27698 1112.00354 1131.31421 0.255184472 0.216403559 0.235970303 1.17920649 1.39052796
 11.5000000 1180.46240 1078.10352 1129.74402 0.255019575 0.222522855 0.238917589 1.14603758 1.31340230
 11.6000004 1216.00940 1049.19800 1133.35510 0.269213021 0.235246971 0.252382994 1.14438462 1.30961621
 11.6999998 1253.26294 1011.05347 1133.24927 0.258962154 0.234100580 0.246643364 1.10620046 1.22367930
 11.8000002 1286.13867 989.731873 1139.27051 0.251658469 0.233632803 0.242726833 1.07715380 1.16026044
 11.9000006 1328.77002 955.991394 1144.05981 0.248904720 0.240268439 0.244625479 1.03594434 1.07318068
 12.0000000 1362.45813 922.726135 1144.57288 0.245381027 0.243257642 0.244328901 1.00872898 1.01753402
 12.1000004 1389.67200 893.712036 1143.92615 0.244058445 0.247487217 0.245757386 0.986145675 0.972483277
 12.1999998 1395.08496 853.791382 1126.85461 0.247211620 0.259342462 0.253222883 0.953224599 0.908637166
 12.3000002 1402.28552 824.487000 1115.96570 0.251237959 0.268077701 0.259582639 0.937183321 0.878312588
 12.4000006 1408.62634 801.750671 1107.89783 0.252430916 0.272462040 0.262357056 0.926481128 0.858367324
 12.5000000 1415.62634 782.087402 1101.68518 0.256610513 0.282304257 0.269342691 0.908985674 0.826254964
 12.6000004 1416.29321 774.674500 1098.34827 0.262731493 0.292033255 0.277251542 0.899662912 0.809393346
 12.6999998 1394.67590 748.094849 1074.27185 0.259847343 0.289955407 0.274766952 0.896163106 0.803108275
 12.8000002 1365.25500 734.610474 1052.74817 0.259166777 0.290800869 0.274842620 0.891217291 0.794268310
 12.9000006 1333.73291 723.048706 1031.11707 0.261969209 0.294841260 0.278258473 0.888509393 0.789448917
 13.0000000 1290.59631 705.031616 1000.40503 0.264853716 0.297366589 0.280966312 0.890663981 0.793282330
 13.1000004 1245.86328 702.508606 976.590149 0.268680841 0.298926532 0.283669859 0.898818970 0.807875574
 13.1999998 1205.19067 695.893494 952.795654 0.273389310 0.302385330 0.287759006 0.904108942 0.817412972
 13.3000002 1168.78882 697.614075 935.286316 0.278360695 0.305168837 0.291646153 0.912153125 0.832023263
 13.4000006 1124.63074 699.180969 913.788391 0.283324867 0.305158764 0.294145226 0.928450704 0.862020731
 13.5000000 1093.93384 700.585144 899.000000 0.290138125 0.309591919 0.299778938 0.937163174 0.878274798
 13.6000004 1056.24841 704.716492 882.037903 0.299603015 0.313309520 0.306395620 0.956252456 0.914418817
 13.6999998 997.425049 692.412781 846.268555 0.301296920 0.309483141 0.305353820 0.973548710 0.947797120
 13.8000002 952.397400 677.892517 816.359619 0.305277854 0.307925493 0.306589961 0.991401613 0.982877195
 13.9000006 914.751404 670.100464 793.498962 0.311431915 0.310912192 0.311174333 1.00167167 1.00334620
 14.0000000 873.209290 657.907410 766.502686 0.316998094 0.310545266 0.313799977 1.02077901 1.04198980
 14.1000004 838.053955 649.055054 744.383423 0.325778723 0.311667174 0.318784863 1.04527760 1.09260523
 14.1999998 814.875732 645.322144 730.842590 0.331984222 0.312678546 0.322416067 1.06174290 1.12729800
 14.3000002 796.004822 644.017578 720.677795 0.335923254 0.312765211 0.324445814 1.07404292 1.15356827
 14.4000006 774.427734 636.047424 705.844482 0.340137959 0.314119905 0.327243030 1.08282840 1.17251742
 14.5000000 766.434448 651.672668 709.556885 0.349053979 0.314084470 0.331722587 1.11133802 1.23507214
 14.6000004 739.073303 644.626282 692.264038 0.355106801 0.313314974 0.334394187 1.13338602 1.28456378
 14.6999998 714.699951 633.900391 674.654541 0.359199733 0.313641578 0.336620480 1.14525557 1.31161022
 14.8000002 679.241516 616.861694 648.325256 0.361115634 0.310795993 0.336176515 1.16190577 1.35002482
 14.9000006 657.492920 613.278870 635.578125 0.364726990 0.310902715 0.338048875 1.17312253 1.37621653
 15.0000000 636.625366 612.082764 624.460754 0.370298028 0.310246408 0.340533316 1.19356108 1.42458808
 15.1000004 620.520508 611.658142 616.127869 0.376155496 0.309863508 0.343297720 1.21393931 1.47364879
 15.1999998 601.472595 612.779602 607.076904 0.381250083 0.308766216 0.345323294 1.23475325 1.52461553
 15.3000002 582.514587 613.698730 597.971069 0.386261821 0.307946414 0.347444624 1.25431502 1.57330608
 15.4000006 564.672302 616.701294 590.460571 0.391148180 0.307274371 0.349575967 1.27296066 1.62042880
 15.5000000 548.935730 623.672363 585.979126 0.397072762 0.305863410 0.351864636 1.29820287 1.68533087
 15.6000004 527.567200 622.662415 574.701355 0.402641058 0.303481221 0.353492260 1.32674134 1.76024246
 15.6999998 506.147797 620.236755 562.696228 0.406382322 0.302613050 0.354948848 1.34291065 1.80340910
 15.8000002 488.720703 617.872742 552.735168 0.408320934 0.300453126 0.354856014 1.35901713 1.84692752
 15.9000006 472.320923 617.410339 544.234802 0.413614988 0.299862891 0.357233524 1.37934697 1.90259826
 16.0000000 459.567719 615.642151 536.926331 0.415661573 0.298825502 0.357751518 1.39098430 1.93483734
 16.1000004 448.543762 608.235962 527.701538 0.420883566 0.301245868 0.361580402 1.39714301 1.95200861
 16.2000008 437.643219 602.708435 519.464294 0.423758388 0.301063508 0.362939805 1.40753806 1.98116350
 16.3000011 425.582916 594.448547 509.287872 0.427082658 0.301607519 0.364885926 1.41602123 2.00511622
 16.3999996 415.554688 590.219421 502.134186 0.429102659 0.302793533 0.366492540 1.41714621 2.00830317
 16.5000000 405.517578 581.481812 492.741241 0.432321489 0.303799659 0.368614554 1.42304790 2.02506542
 16.6000004 390.949097 569.741028 479.574402 0.434292853 0.305105507 0.370256037 1.42341852 2.02612019
 16.7000008 379.633392 557.138306 467.620728 0.436939955 0.307173908 0.372616261 1.42245138 2.02336788
 16.8000011 369.390259 544.762817 456.320618 0.439516187 0.309362471 0.375000328 1.42071593 2.01843381
 16.8999996 357.814240 533.419373 444.859863 0.441619098 0.311730683 0.377234757 1.41666865 2.00694990
 17.0000000 348.859894 521.864624 434.616547 0.445332140 0.314307779 0.380384713 1.41686654 2.00751066
 17.1000004 340.235901 513.616516 426.178894 0.449451447 0.315539360 0.383072615 1.42439103 2.02888966
 17.2000008 329.781464 501.687134 414.993317 0.453334063 0.318043679 0.386272013 1.42538309 2.03171682
 17.3000011 319.398224 489.585968 403.758514 0.458168477 0.321007490 0.390179187 1.42728281 2.03713632
 17.3999996 309.374878 473.985748 390.970795 0.461513340 0.324351460 0.393523604 1.42288041 2.02458858
 17.5000000 297.611481 464.643677 380.407623 0.468964756 0.326749235 0.398469985 1.43524373 2.05992436
 17.6000004 289.613770 448.887421 368.569946 0.472077757 0.330001861 0.401646972 1.43053067 2.04641795
 17.7000008 279.146637 437.866943 357.828491 0.479066163 0.332231134 0.406276137 1.44196653 2.07926750
 17.8000011 268.613739 425.811188 346.540680 0.487340301 0.335941613 0.412287980 1.45066965 2.10444236
 17.8999996 259.621368 415.316772 336.803711 0.495662689 0.337741554 0.417376995 1.46757984 2.15379071
 18.0000000 250.399536 402.336304 325.718597 0.504075170 0.341903448 0.423682362 1.47432029 2.17362022
 18.1000004 242.155289 393.274200 317.068939 0.514654994 0.344599336 0.430353910 1.49348795 2.23050642
 18.2000008 232.776611 381.508423 306.506897 0.523471177 0.347796977 0.436384827 1.50510561 2.26534271
 18.3000011 223.243744 371.936462 296.954681 0.534709096 0.349885702 0.443087220 1.52823925 2.33551502
 18.3999996 215.261627 363.016846 288.507812 0.547324061 0.351641148 0.450318843 1.55648470 2.42264438
 18.5000000 206.238327 353.571442 279.275269 0.558964312 0.353800356 0.457259089 1.57988620 2.49604034
 18.6000004 198.196747 343.747406 270.350067 0.572462320 0.356041968 0.465177029 1.60785067 2.58518362
 18.7000008 190.674179 336.226471 262.828308 0.586285233 0.357842207 0.473039985 1.63839042 2.68432331
 18.8000011 182.887741 327.303314 254.478378 0.603150785 0.359989583 0.482609361 1.67546737 2.80719066
 18.8999996 175.466187 320.528717 247.377518 0.616572201 0.361630738 0.490190953 1.70497715 2.90694737
 19.0000000 169.061829 313.443146 240.635483 0.632200837 0.364826620 0.499656349 1.73288012 3.00287366
 19.1000004 163.501572 306.196106 234.239029 0.648001075 0.366157413 0.508283675 1.76973355 3.13195682
 19.2000008 155.160461 299.832214 226.878082 0.664649665 0.368401140 0.517791450 1.80414677 3.25494528
 19.3000011 149.630280 291.892883 220.158768 0.675719261 0.371221483 0.524760604 1.82025898 3.31334281
 19.3999996 143.570572 284.795044 213.584396 0.687641919 0.373684853 0.531993687 1.84016526 3.38620830
 19.5000000 138.303116 279.577179 208.341537 0.696645319 0.374782205 0.537077606 1.85880029 3.45513868
 19.6000004 132.806976 273.284637 202.450562 0.707687616 0.376408070 0.543451607 1.88010752 3.53480411
 19.7000008 127.426201 267.821503 197.028961 0.717664659 0.379207283 0.549870133 1.89253914 3.58170462
 19.8000011 122.277267 262.035614 191.564255 0.733999133 0.381227374 0.559108019 1.92535782 3.70700288
 19.8999996 116.982834 255.427094 185.618332 0.743948042 0.383450806 0.565226972 1.94013953 3.76414132
 20.0000000 112.756569 249.185059 180.392731 0.757008076 0.385083348 0.572621644 1.96582913 3.86448431
 20.1000004 108.391457 242.445206 174.850296 0.770385802 0.389822155 0.581716537 1.97624946 3.90556192
 20.2000008 104.875313 235.765579 169.765823 0.781270087 0.392436653 0.588500977 1.99081838 3.96335769
 20.3000011 100.887589 228.379745 164.093445 0.790560126 0.396428972 0.595164597 1.99420369 3.97684836
 20.3999996 97.4249039 221.846893 159.108688 0.799989522 0.400536031 0.601955354 1.99729729 3.98919654
 20.5000000 93.8087845 214.951492 153.866821 0.808274448 0.403544188 0.607624292 2.00293922 4.01176548
 20.6000004 91.2977371 208.836197 149.568924 0.814855695 0.407910913 0.613107681 1.99763155 3.99053192
 20.7000008 88.4036713 202.679993 145.057617 0.823934019 0.411578864 0.619503736 2.00188613 4.00754786
 20.8000011 85.6500626 195.338165 140.029343 0.831559479 0.415918410 0.625500143 1.99933314 3.99733305
 20.8999996 82.5354843 189.939713 135.782501 0.846278667 0.418504089 0.634203970 2.02215147 4.08909702
 21.0000000 80.0710678 182.990799 131.094833 0.855618179 0.423482627 0.641381502 2.02043295 4.08214903
 21.1000004 77.4711609 176.465134 126.548676 0.865206122 0.427349508 0.648133159 2.02458668 4.09895134
 21.2000008 74.6637573 169.715530 121.786880 0.872830510 0.433105946 0.654831469 2.01528192 4.06136084
 21.3000011 72.4826508 164.909851 118.304611 0.882559717 0.434791088 0.660572708 2.02984786 4.12028217
 21.3999996 70.7554855 159.059021 114.536232 0.890471995 0.439759791 0.667009652 2.02490544 4.10024166
 21.5000000 68.7154770 154.304810 111.150528 0.898630261 0.445569694 0.674003601 2.01681185 4.06753016
 21.6000004 67.1963882 151.239166 108.864655 0.906254232 0.448229671 0.679166436 2.02185225 4.08788681
 21.7000008 65.2509384 146.635208 105.601128 0.912377834 0.452406168 0.684324682 2.01672292 4.06717110
 21.8000011 63.3966446 142.680847 102.705620 0.921223402 0.457634747 0.691376925 2.01301026 4.05221033
 21.8999996 61.6075516 138.862595 99.9104767 0.932428181 0.461506784 0.698946178 2.02039981 4.08201504
 22.0000000 59.9716988 134.148499 96.7484283 0.938605607 0.465067089 0.703826010 2.01821542 4.07319403
 22.1000004 57.9314117 129.518875 93.4243622 0.954278052 0.472077429 0.715203822 2.02144384 4.08623552
 22.2000008 56.0167313 124.941719 90.1896286 0.965198457 0.477772683 0.723533571 2.02020431 4.08122587
 22.3000011 54.2707863 121.422661 87.5645676 0.973470688 0.481192678 0.729400039 2.02303720 4.09267950
 22.3999996 52.6404648 117.422890 84.7594833 0.979717016 0.487338096 0.735596359 2.01034379 4.04148149
 22.5000000 50.9726105 113.849388 82.1468124 0.986132622 0.491229028 0.740760267 2.00748038 4.02997732
 22.6000004 50.0592079 112.265648 80.9010544 0.986156762 0.493153453 0.741726577 1.99969554 3.99878216
 22.7000008 48.9342117 109.065636 78.7472687 0.993042111 0.497671157 0.747438014 1.99537802 3.98153329
 22.8000011 47.5522003 105.544731 76.3048019 1.00424993 0.501487434 0.754981160 2.00254273 4.01017761
 22.8999996 45.9463768 102.646362 74.0581360 1.01472461 0.506448865 0.762722373 2.00360727 4.01444197
 23.0000000 44.7791748 99.0385742 71.6808929 1.02729893 0.510627806 0.771134257 2.01183534 4.04748106
 23.1000004 42.7944031 94.8568268 68.6068649 1.04493511 0.516270936 0.782824337 2.02400541 4.09659767
 23.2000008 41.5857506 91.4941864 66.3302689 1.05637586 0.524003506 0.792426527 2.01597118 4.06413937
 23.3000011 40.3036613 88.6976089 64.2973022 1.06339407 0.528151333 0.798021615 2.01342678 4.05388737
 23.3999996 39.2288628 85.8327179 62.3349762 1.07112145 0.533096552 0.804369628 2.00924492 4.03706503
 23.5000000 38.1871300 83.3669739 60.5872192 1.07970452 0.537537456 0.810898960 2.00861263 4.03452492
 23.6000004 37.7301331 82.3118668 59.8336830 1.08118880 0.540215909 0.812975347 2.00140119 4.00560665
 23.7000008 36.7330170 79.9578781 58.1638336 1.08704257 0.546016872 0.818802953 1.99085879 3.96351886
 23.8000011 35.5508041 77.5955963 56.3965454 1.10086894 0.552229762 0.828854561 1.99349809 3.97403455
 23.8999996 34.6234818 75.3794708 54.8302307 1.11285067 0.555733442 0.836632907 2.00249004 4.00996685
 24.0000000 34.1391716 73.0492859 53.4321022 1.12327671 0.560906649 0.844434917 2.00260901 4.01044321
 24.1000004 32.7460022 70.0100098 51.2227402 1.14358628 0.567769587 0.858077168 2.01417327 4.05689383
 24.2000008 31.8502674 67.6340561 49.5930634 1.15784192 0.573879004 0.868293643 2.01757145 4.07059479
 24.3000011 31.1366959 66.0564423 48.4510689 1.17163396 0.578738630 0.877656698 2.02446127 4.09844351
 24.3999996 30.1558285 63.9286499 46.9015198 1.18434238 0.586317241 0.887821555 2.01996851 4.08027315
 24.5000000 29.2590885 62.0435143 45.5147018 1.19165921 0.591313303 0.893987715 2.01527548 4.06133556
 24.6000004 28.8109741 61.2902679 44.9152908 1.19933939 0.592653751 0.898524404 2.02367640 4.09526587
 24.7000008 28.2088318 59.9030151 43.9238663 1.21690619 0.596798122 0.909435928 2.03905845 4.15775919
 24.8000011 27.5127792 58.0607300 42.6594696 1.23259270 0.602987111 0.920413256 2.04414439 4.17852640
 24.8999996 26.8932800 56.5843925 41.6151237 1.24977219 0.609005332 0.932058632 2.05215311 4.21133280
 25.0000000 26.2396984 54.9561539 40.4782753 1.25910962 0.614155591 0.939319909 2.05014753 4.20310497
 25.1000004 25.1345921 52.7484474 38.8264618 1.29079223 0.623286247 0.959820509 2.07094598 4.28881741
 25.2000008 24.2596741 51.0392761 37.5378952 1.30924118 0.631437242 0.973163366 2.07343030 4.29911327
 25.3000011 23.7253075 49.7596855 36.6340218 1.32234347 0.636079609 0.982070982 2.07889605 4.32180929
 25.3999996 23.2671146 48.5248947 35.7907639 1.33518267 0.643988490 0.992465556 2.07330203 4.29858112
 25.5000000 22.7372780 47.2270889 34.8801422 1.35582888 0.653260171 1.00747192 2.07548070 4.30762005
 25.6000004 22.5235367 46.7438393 34.5327721 1.36386836 0.652160943 1.01098013 2.09130645 4.37356234
 25.7000008 22.1597214 45.8637657 33.9129753 1.36861134 0.656808317 1.01567566 2.08373022 4.34193182
 25.8000011 21.5716667 44.6091118 32.9944000 1.38522613 0.664301634 1.02776778 2.08523679 4.34821272
 25.8999996 21.0724449 43.2721024 32.0797729 1.40525377 0.671307206 1.04133856 2.09330964 4.38194513
 26.0000000 20.7002068 42.2789650 31.3996735 1.43864739 0.683646500 1.06429279 2.10437322 4.42838669
 26.1000004 19.9489880 40.4553185 30.1167107 1.47195685 0.696204782 1.08731306 2.11425829 4.47008848
 26.2000008 19.3524666 39.1160164 29.1518917 1.48981214 0.706585288 1.10146213 2.10846758 4.44563532
 26.3000011 18.9898453 38.0831680 28.4569511 1.50163686 0.714324474 1.11126113 2.10217762 4.41915083
 26.3999996 18.6809483 37.1126099 27.8199806 1.51393223 0.722157240 1.12134385 2.09640265 4.39490366
 26.5000000 18.2150555 36.1364288 27.1010685 1.52538931 0.728801548 1.13041461 2.09301043 4.38069296
 26.6000004 18.0157776 35.6946526 26.7815533 1.54053783 0.732700646 1.13998520 2.10254741 4.42070532
 26.7000008 17.8356190 35.0417290 26.3669815 1.55649745 0.740261376 1.15178037 2.10263228 4.42106295
 26.8000011 17.4129848 34.1862755 25.7297421 1.56601954 0.749156117 1.16099143 2.09037828 4.36968136
 26.8999996 16.9447346 33.1480560 24.9788818 1.58271337 0.754052639 1.17183578 2.09894300 4.40556145
 27.0000000 16.5584507 32.4203644 24.4233170 1.59208894 0.763808787 1.18140006 2.08440781 4.34475565
 27.1000004 16.1173401 30.9665890 23.4800911 1.61353898 0.784341931 1.20239544 2.05718827 4.23202324
 27.2000008 15.7067099 29.9433670 22.7657185 1.64913368 0.794392943 1.22532475 2.07596707 4.30963945
 27.3000011 15.3411264 29.2957535 22.2602959 1.68559062 0.804809868 1.24887013 2.09439611 4.38649511
 27.3999996 15.0377550 28.8037930 21.8922138 1.73342144 0.814283371 1.27575934 2.12876940 4.53165913
 27.5000000 14.7024736 28.0210991 21.3341541 1.76606572 0.823674619 1.29682529 2.14413047 4.59729528
 27.6000004 14.6107855 27.7523804 21.1543179 1.76632392 0.827176809 1.29869878 2.13536429 4.55978107
 27.7000008 14.3656778 27.3077488 20.8098621 1.77964985 0.831051826 1.30731893 2.14144254 4.58577633
 27.8000011 14.0771446 26.5861034 20.3056717 1.79630613 0.839605212 1.31994057 2.13946509 4.57731104
 27.8999996 13.8544331 25.9601135 19.8821583 1.81465149 0.847148478 1.33290720 2.14207006 4.58846426
 28.0000000 13.6439972 25.3719807 19.4836578 1.81475699 0.863370478 1.34103751 2.10194468 4.41817141
 28.1000004 13.1567965 24.2798691 18.6952553 1.85373998 0.883817673 1.37079108 2.09742355 4.39918518
 28.2000008 12.9213200 23.6591587 18.2679615 1.88094699 0.898292303 1.39165843 2.09391427 4.38447666
 28.3000011 12.7140837 23.1572666 17.9140091 1.90344989 0.907632351 1.40760708 2.09715962 4.39807844
 28.3999996 12.5037289 22.6434593 17.5525570 1.94319332 0.923905313 1.43566406 2.10323858 4.42361259
 28.5000000 12.3272905 22.0270367 17.1570396 1.96331215 0.937275767 1.45242274 2.09470081 4.38777113
 28.6000004 12.2039948 21.8611698 17.0125465 1.94130361 0.932180822 1.43883586 2.08253980 4.33697176
 28.7000008 12.0627956 21.5621872 16.7927837 1.96790028 0.945852339 1.45899677 2.08055758 4.32871962
 28.8000011 11.9190245 21.0246220 16.4529324 1.98693943 0.961225033 1.47621024 2.06709099 4.27286482
 28.8999996 11.6709433 20.5537415 16.0939140 2.02478695 0.976386666 1.50276196 2.07375526 4.30046082
 29.0000000 11.4487848 20.1104660 15.7616558 2.05095577 0.991364062 1.52335823 2.06882191 4.28002405
 29.1000004 11.2082338 19.4437656 15.3089132 2.08092189 1.01296318 1.54915822 2.05429196 4.22011518
 29.2000008 10.9434948 18.8586788 14.8846655 2.09375834 1.02594686 1.56206799 2.04080582 4.16488838
 29.3000011 10.7700310 18.4140949 14.5762043 2.10323524 1.03283370 1.57025516 2.03637362 4.14681768
 29.3999996 10.5265255 18.0039310 14.2497149 2.11444259 1.04006386 1.57948220 2.03299308 4.13306093
 29.5000000 10.3826017 17.7530746 14.0525465 2.15319514 1.05375814 1.60575759 2.04334855 4.17527294
 29.6000004 10.3263292 17.6694450 13.9826527 2.15868640 1.05900931 1.61112940 2.03840184 4.15508175
 29.7000008 10.2475452 17.3599224 13.7889776 2.19682264 1.07589638 1.63868511 2.04185343 4.16916561
 29.8000011 10.1105986 16.9998970 13.5409546 2.23897815 1.09443009 1.66907871 2.04579353 4.18527126
 29.8999996 9.99417305 16.6802177 13.3233242 2.26698852 1.10587394 1.68884015 2.04995203 4.20230341
 30.0000000 9.82810688 16.3485832 13.0748167 2.26293659 1.11684144 1.69226682 2.02619338 4.10545921
 30.1000004 9.61287785 15.7293129 12.6584053 2.30235934 1.13693404 1.72206461 2.02505970 4.10086632
 30.2000008 9.39318371 15.3521681 12.3603125 2.31304240 1.14420247 1.73104739 2.02153230 4.08659315
 30.3000011 9.23845005 15.0301819 12.1223001 2.30687618 1.15175807 1.73171365 2.00291729 4.01167774
 30.3999996 9.09794140 14.7089100 11.8917847 2.31532311 1.16195893 1.74103391 1.99260330 3.97046804
 30.5000000 8.99048996 14.3978271 11.6829405 2.33657026 1.17811215 1.75974464 1.98331738 3.93354774
 30.6000004 8.96374226 14.3781891 11.6597328 2.32412696 1.19478643 1.76179981 1.94522381 3.78389573
 30.7000008 8.91020679 14.1610184 11.5247192 2.33774948 1.21593297 1.77916873 1.92259741 3.69638062
 30.8000011 8.78533459 13.9165211 11.3402824 2.36001921 1.23924172 1.80195570 1.90440595 3.62676191
 30.8999996 8.65172672 13.6355848 11.1333160 2.36079407 1.24981320 1.80760849 1.88891745 3.56800914
 31.0000000 8.54929829 13.3878050 10.9585133 2.38063407 1.25513053 1.82021725 1.89672220 3.59755540
 31.1000004 8.33943176 12.9894409 10.6547890 2.41652131 1.27755284 1.84940004 1.89152360 3.57786155
 31.2000008 8.19394779 12.6765966 10.4259720 2.43453574 1.29908144 1.86916435 1.87404406 3.51204133
 31.3000011 8.08123684 12.4131289 10.2381954 2.46063161 1.31075561 1.88807929 1.87726188 3.52411222
 31.3999996 7.96153831 12.2530680 10.0983992 2.47574615 1.32192910 1.90123141 1.87282825 3.50748563
 31.5000000 7.86411667 12.0624008 9.95454884 2.47742319 1.33774769 1.90995002 1.85193610 3.42966747
 31.6000004 7.85205555 12.0198746 9.92731857 2.46157885 1.34891713 1.90755641 1.82485533 3.33009696
 31.7000008 7.77261066 11.9115839 9.83351040 2.48444724 1.37232625 1.93069410 1.81039107 3.27751589
 31.8000011 7.64472294 11.6696320 9.64882660 2.50237179 1.39088821 1.94893599 1.79911792 3.23682499
 31.8999996 7.53938818 11.5322666 9.53582764 2.52030826 1.39643347 1.95837080 1.80481791 3.25736785
 32.0000000 7.43796635 11.3597612 9.39886379 2.53308535 1.41642952 1.97475743 1.78835952 3.19822979
 32.1000023 7.32279730 11.0439005 9.18334866 2.53599691 1.44021225 1.98810458 1.76084936 3.10059047
 32.2000008 7.20290470 10.8061180 9.00451183 2.55165744 1.46350121 2.00757933 1.74352932 3.03989458
 32.2999992 7.10296106 10.6455002 8.87423038 2.56467414 1.47670364 2.02068901 1.73675609 3.01632166
 32.4000015 7.06288910 10.4454298 8.75415993 2.57829142 1.48894858 2.03362012 1.73161876 2.99850368
 32.5000000 6.96364021 10.2996044 8.63162231 2.57665563 1.52299654 2.04982615 1.69183290 2.86229873
 32.6000023 6.96224451 10.2385187 8.60038185 2.58238959 1.52431834 2.05335402 1.69412756 2.87006807
 32.7000008 6.92553997 10.1578150 8.54167747 2.59470916 1.53692353 2.06581640 1.68824863 2.85018349
 32.7999992 6.84545994 10.0198059 8.43263340 2.61670375 1.55021596 2.08345985 1.68796074 2.84921145
 32.9000015 6.76571560 9.83621120 8.30096340 2.61547184 1.56902814 2.09225011 1.66693747 2.77868056
 33.0000000 6.69370794 9.66666412 8.18018627 2.62926960 1.58005989 2.10466480 1.66403162 2.76900125
 33.1000023 6.57464838 9.45035648 8.01250267 2.65327549 1.60177302 2.12752438 1.65646160 2.74386501
 33.2000008 6.47394371 9.27439976 7.87417173 2.67430663 1.61881721 2.14656186 1.65201283 2.72914624
 33.2999992 6.39410734 9.12759876 7.76085329 2.69801211 1.63313210 2.16557217 1.65204775 2.72926164
 33.4000015 6.33953094 9.00623131 7.67288113 2.70544481 1.64126575 2.17335534 1.64838922 2.71718693
 33.5000000 6.25363255 8.89649582 7.57506418 2.72200966 1.65258777 2.18729877 1.64711964 2.71300316
 33.6000023 6.28472185 8.91588306 7.60030222 2.73148799 1.65612626 2.19380713 1.64932346 2.72026777
 33.7000008 6.25612450 8.80677891 7.53145123 2.72404313 1.66927397 2.19665861 1.63187301 2.66300964
 33.7999992 6.24332380 8.65328407 7.44830418 2.75867820 1.69194031 2.22530913 1.63048196 2.65847135
 33.9000015 6.18424177 8.53319740 7.35871983 2.75845575 1.70255113 2.23050332 1.62018967 2.62501454
 34.0000000 6.12348890 8.43707085 7.28028011 2.78250980 1.71137452 2.24694228 1.62589192 2.64352441
 34.1000023 5.99834538 8.26016808 7.12925720 2.79872370 1.74047494 2.26959920 1.60802293 2.58573794
 34.2000008 5.92120600 8.15265369 7.03692961 2.80231452 1.76934397 2.28582931 1.58381557 2.50847149
 34.2999992 5.83885908 8.04614925 6.94250393 2.80121660 1.77568913 2.28845286 1.57753778 2.48862553
 34.4000015 5.73590517 7.96796131 6.85193348 2.83023190 1.78611851 2.30817533 1.58457124 2.51086617
 34.5000000 5.65545654 7.86695290 6.76120472 2.83319688 1.79808605 2.31564140 1.57567370 2.48274755
 34.6000023 5.65855551 7.78276825 6.72066164 2.83310199 1.80647957 2.31979084 1.56830001 2.45956469
 34.7000008 5.63325548 7.67766333 6.65545940 2.82521582 1.81975245 2.32248425 1.55252755 2.41034198
 34.7999992 5.56854582 7.61376047 6.59115314 2.84536481 1.83444428 2.33990455 1.55107713 2.40584040
 34.9000015 5.54301023 7.56878901 6.55589962 2.84286690 1.85988915 2.35137796 1.52851415 2.33635545
 35.0000000 5.52287102 7.49759102 6.51023102 2.84389377 1.88117492 2.36253428 1.51176465 2.28543210
 35.1000023 5.42439508 7.35038567 6.38739061 2.86565328 1.89753592 2.38159466 1.51019716 2.28069544
 35.2000008 5.36498308 7.22785330 6.29641819 2.86743259 1.90550077 2.38646674 1.50481832 2.26447821
 35.2999992 5.31412745 7.11764240 6.21588516 2.86317706 1.92146885 2.39232302 1.49009812 2.22039247
 35.4000015 5.25491905 7.04037476 6.14764690 2.87455034 1.94109821 2.40782428 1.48088872 2.19303131
 35.5000000 5.23888302 6.95142078 6.09515190 2.89008641 1.95708919 2.42358780 1.47672701 2.18072271
 35.6000023 5.21835232 6.92493486 6.07164335 2.90103674 1.96524405 2.43314052 1.47617126 2.17908168
 35.7000008 5.18123055 6.82584476 6.00353765 2.90256977 1.98011923 2.44134450 1.46585608 2.14873409
 35.7999992 5.12206125 6.77136087 5.94671106 2.91035414 1.98915815 2.44975615 1.46310842 2.14068627
 35.9000015 5.08005238 6.68399239 5.88202238 2.92146873 2.00772238 2.46459556 1.45511591 2.11736226
 36.0000000 5.04331732 6.61092567 5.82712173 2.93168306 2.01923251 2.47545767 1.45187986 2.10795498
 36.1000023 4.98895836 6.55951929 5.77423859 2.95466733 2.05684471 2.50575590 1.43650484 2.06354618
 36.2000008 4.96326399 6.47977352 5.72151899 2.96361446 2.07790661 2.52076054 1.42624998 2.03418899
 36.2999992 4.95059252 6.43508339 5.69283819 2.98070955 2.09898329 2.53984642 1.42007291 2.01660705
 36.4000015 4.91218519 6.36271763 5.63745165 2.97040844 2.10332465 2.53686666 1.41224432 1.99443412
 36.5000000 4.84326935 6.26833963 5.55580473 2.97804856 2.10933876 2.54369354 1.41183984 1.99329185
 36.6000023 4.84537315 6.22284031 5.53410673 2.98421335 2.09859276 2.54140306 1.42200685 2.02210355
 36.7000008 4.78766727 6.17910147 5.48338461 2.97849059 2.10345769 2.54097414 1.41599739 2.00504875
 36.7999992 4.73022366 6.12238264 5.42630291 2.97897339 2.10969973 2.54433656 1.41203666 1.99384749
 36.9000015 4.66417933 6.07031822 5.36724854 2.98207903 2.12131906 2.55169892 1.40576637 1.97617924
 37.0000000 4.61162424 6.01023054 5.31092739 2.99265313 2.14407825 2.56836581 1.39577603 1.94819069
 37.1000023 4.57623768 5.92839003 5.25231409 2.99581409 2.17065382 2.58323383 1.38014364 1.90479660
 37.2000008 4.54796076 5.86449623 5.20622873 2.99948287 2.17735910 2.58842087 1.37757838 1.89772213
 37.2999992 4.49977684 5.81822586 5.15900135 3.00295734 2.18744564 2.59520149 1.37281466 1.88461995
 37.4000015 4.47082567 5.76049948 5.11566257 3.02444768 2.18404150 2.60424471 1.38479412 1.91765463
 37.5000000 4.45838308 5.70147657 5.07992983 3.03191543 2.21613503 2.62402511 1.36810958 1.87172377
 37.6000023 4.46463442 5.68040991 5.07252216 3.04725838 2.22994947 2.63860393 1.36651456 1.86736202
 37.7000008 4.43146420 5.61326170 5.02236271 3.04732037 2.22672248 2.63702154 1.36852276 1.87285447
 37.7999992 4.40029049 5.57354879 4.98691940 3.06409073 2.23192835 2.64800954 1.37284470 1.88470244
 37.9000015 4.36217165 5.52801180 4.94509172 3.07614183 2.24151230 2.65882707 1.37235105 1.88334739
 38.0000000 4.34049368 5.45571089 4.89810228 3.08396316 2.24274683 2.66335511 1.37508309 1.89085352
 38.1000023 4.27380276 5.38463593 4.82921934 3.09903836 2.25930214 2.67917013 1.37167943 1.88150442
 38.2000008 4.26039696 5.33155870 4.79597759 3.09279323 2.26504874 2.67892098 1.36544228 1.86443257
 38.2999992 4.21465063 5.27778673 4.74621868 3.08212161 2.27850032 2.68031096 1.35269761 1.82979071
 38.4000015 4.18458652 5.22537518 4.70498085 3.09769940 2.29557419 2.69663692 1.34942245 1.82094109
 38.5000000 4.16804075 5.20697260 4.68750668 3.09588790 2.31012654 2.70300722 1.34013772 1.79596925
 38.6000023 4.18560600 5.18505192 4.68532896 3.12086773 2.31505084 2.71795917 1.34807742 1.81731272
 38.7000008 4.17989492 5.12271309 4.65130424 3.13881063 2.32812476 2.73346782 1.34821415 1.81768131
 38.7999992 4.16376638 5.11429071 4.63902855 3.13628840 2.35009027 2.74318933 1.33453965 1.78099608
 38.9000015 4.14339590 5.08528805 4.61434221 3.13121915 2.36715341 2.74918628 1.32277834 1.74974251
 39.0000000 4.12567425 5.04642916 4.58605146 3.12594604 2.39093494 2.75844049 1.30741584 1.70933616
 39.1000023 4.07463455 4.98331213 4.52897310 3.13239503 2.40660071 2.76949787 1.30158484 1.69412315
 39.2000008 4.03584146 4.94260025 4.48922062 3.14835835 2.41729593 2.78282714 1.30242980 1.69632339
 39.2999992 4.01138592 4.89233398 4.45185995 3.16045237 2.42600417 2.79322839 1.30273986 1.69713128
 39.4000015 3.97692132 4.84546375 4.41119242 3.15579176 2.42106104 2.78842640 1.30347466 1.69904613
 39.5000000 3.99518323 4.78286505 4.38902426 3.18193698 2.42190385 2.80192041 1.31381631 1.72611332
 39.6000023 3.98189712 4.76603842 4.37396765 3.17999077 2.43440723 2.80719900 1.30626905 1.70633876
 39.7000008 3.92689085 4.73220396 4.32954741 3.17268276 2.45169687 2.81218982 1.29407620 1.67463326
 39.7999992 3.88543677 4.70305109 4.29424381 3.17643213 2.46908021 2.82275605 1.28648400 1.65504110
 39.9000015 3.84121037 4.66045380 4.25083208 3.20651650 2.46980309 2.83815980 1.29828835 1.68555260
 40.0000000 3.82933044 4.60696363 4.21814728 3.21893692 2.48253703 2.85073709 1.29663205 1.68125463
 40.1000023 3.80534220 4.56715870 4.18625069 3.23662663 2.50394034 2.87028360 1.29261339 1.67084920
 40.2000008 3.79078817 4.52448940 4.15763903 3.23325539 2.50560069 2.86942816 1.29041135 1.66516137
 40.2999992 3.77236629 4.48597908 4.12917280 3.25334907 2.52261829 2.88798356 1.28967154 1.66325271
 40.4000015 3.72151470 4.45767498 4.08959484 3.28034997 2.53316450 2.90675735 1.29496133 1.67692482
 40.5000000 3.72363162 4.44721889 4.08542538 3.27329826 2.53936172 2.90633011 1.28902400 1.66158283
 40.6000023 3.69254994 4.41843891 4.05549479 3.28775740 2.54747009 2.91761374 1.29059696 1.66564059
 40.7000008 3.67239094 4.38464117 4.02851582 3.29785275 2.54545879 2.92165589 1.29558277 1.67853475
 40.7999992 3.66720366 4.33627701 4.00174046 3.31902361 2.55830479 2.93866420 1.29735267 1.68312395
 40.9000015 3.64847684 4.31352806 3.98100233 3.32763839 2.56548762 2.94656301 1.29707825 1.68241203
 41.0000000 3.62510896 4.27204609 3.94857764 3.32992387 2.57118630 2.95055509 1.29509234 1.67726421
 41.1000023 3.60164404 4.21935940 3.91050172 3.33667684 2.58386040 2.96026850 1.29135334 1.66759360
 41.2000008 3.53378749 4.18837595 3.86108184 3.31566596 2.59353685 2.95460129 1.27843404 1.63439357
 41.2999992 3.51634479 4.16963339 3.84298921 3.30906582 2.60892797 2.95899701 1.26836228 1.60874295
 41.4000015 3.47035646 4.13269329 3.80152488 3.30293250 2.61480021 2.95886636 1.26316822 1.59559393
 41.5000000 3.43303490 4.08710670 3.76007056 3.30653548 2.62624121 2.96638823 1.25903726 1.58517480
 41.6000023 3.42793798 4.07218075 3.75005937 3.29829264 2.63022590 2.96425939 1.25399590 1.57250583
 41.7000008 3.43474746 4.03652620 3.73563695 3.29240966 2.65064573 2.97152781 1.24211609 1.54285240
 41.7999992 3.41329765 4.01075840 3.71202803 3.30446196 2.66516232 2.98481226 1.23987257 1.53728414
 41.9000015 3.38724828 3.98809385 3.68767118 3.30841088 2.68040252 2.99440670 1.23429632 1.52348733
 42.0000000 3.38745737 3.97514248 3.68129992 3.31319380 2.69264174 3.00291777 1.23046219 1.51403725
 42.1000023 3.34819508 3.94076204 3.64447856 3.32943416 2.72237921 3.02590656 1.22298694 1.49569714
 42.2000008 3.34625554 3.92010641 3.63318086 3.32438207 2.73907661 3.03172922 1.21368706 1.47303641
 42.2999992 3.31606174 3.91271853 3.61439013 3.33131266 2.74425960 3.03778601 1.21392035 1.47360253
 42.4000015 3.31407928 3.89161420 3.60284686 3.32356453 2.76279807 3.04318118 1.20297039 1.44713783
 42.5000000 3.29186797 3.86059260 3.57623029 3.32615900 2.77359128 3.04987526 1.19922471 1.43813980
 42.6000023 3.30217123 3.83238888 3.56728005 3.35809159 2.77338791 3.06573963 1.21082652 1.46610093
 42.7000008 3.27800703 3.80814195 3.54307461 3.36274576 2.77831388 3.07052970 1.21035492 1.46495903
 42.7999992 3.26726818 3.77568221 3.52147508 3.35696816 2.77042484 3.06369662 1.21171594 1.46825564
 42.9000015 3.25108862 3.73313594 3.49211240 3.37180328 2.77032661 3.07106495 1.21711397 1.48136628
 43.0000000 3.24305534 3.72329617 3.48317575 3.38132191 2.77316689 3.07724428 1.21929979 1.48669207
 43.1000023 3.17212129 3.69961882 3.43587017 3.36867952 2.77283955 3.07075953 1.21488440 1.47594416
 43.2000008 3.14457726 3.64533567 3.39495635 3.35976553 2.76889157 3.06432867 1.21339726 1.47233284
 43.2999992 3.12414551 3.60150290 3.36282420 3.36321044 2.76876950 3.06598997 1.21469498 1.47548389
 43.4000015 3.10448885 3.59040689 3.34744787 3.35124326 2.77556705 3.06340504 1.20740855 1.45783544
 43.5000000 3.12894106 3.57695436 3.35294771 3.37118077 2.79016566 3.08067322 1.20823669 1.45983601
 43.6000023 3.12142158 3.56559229 3.34350705 3.37125754 2.78574252 3.07850003 1.21018267 1.46454215
 43.7000008 3.10963297 3.54603791 3.32783556 3.38771749 2.78994131 3.08882928 1.21426117 1.47443008
 43.7999992 3.11076283 3.54079700 3.32577991 3.39961243 2.79345727 3.09653497 1.21699107 1.48106718
 43.9000015 3.09302878 3.50618458 3.29960680 3.39569616 2.78668356 3.09118986 1.21854389 1.48484921
 44.0000000 3.07843328 3.48911643 3.28377485 3.40657759 2.78817153 3.09737468 1.22179627 1.49278629
 44.1000023 3.06745911 3.45884395 3.26315141 3.41392708 2.80175471 3.10784101 1.21849597 1.48473251
 44.2000008 3.04739475 3.42659831 3.23699665 3.40956235 2.81964087 3.11460161 1.20921862 1.46220970
 44.2999992 3.02070022 3.40448666 3.21259332 3.39805841 2.80831146 3.10318494 1.21000063 1.46410143
 44.4000015 3.00472927 3.39398336 3.19935632 3.39639783 2.81301975 3.10470891 1.20738506 1.45777857
 44.5000000 2.97632885 3.36987495 3.17310190 3.41157365 2.81767702 3.11462545 1.21077526 1.46597683
 44.6000023 2.95847321 3.36386108 3.16116714 3.40688825 2.81858110 3.11273456 1.20872462 1.46101511
 44.7000008 2.93038011 3.34010839 3.13524413 3.40782452 2.82402825 3.11592650 1.20672464 1.45618439
 44.7999992 2.89795518 3.31441903 3.10618711 3.42044520 2.82385159 3.12214828 1.21126950 1.46717370
 44.9000015 2.88365412 3.30649996 3.09507704 3.41752338 2.83214736 3.12483549 1.20668983 1.45610034
 45.0000000 2.86068869 3.28633642 3.07351255 3.42637038 2.82320714 3.12478876 1.21364474 1.47293353
 45.1000023 2.83843684 3.25327802 3.04585743 3.43414116 2.83365417 3.13389778 1.21191251 1.46873212
 45.2000008 2.80054808 3.21379304 3.00717044 3.41608620 2.83980489 3.12794566 1.20292985 1.44704032
 45.2999992 2.77376580 3.18830252 2.98103428 3.42948413 2.84106231 3.13527322 1.20711339 1.45712280
 45.4000015 2.76313329 3.17375565 2.96844459 3.43333006 2.84088302 3.13710666 1.20854318 1.46057677
 45.5000000 2.73616862 3.15068460 2.94342661 3.45167136 2.86907458 3.16037297 1.20306087 1.44735527
 45.6000023 2.73118019 3.14718390 2.93918204 3.46092701 2.87475300 3.16784000 1.20390415 1.44938517
 45.7000008 2.71691990 3.14353704 2.93022847 3.44452906 2.87005234 3.15729070 1.20016241 1.44038975
 45.7999992 2.70666075 3.12720370 2.91693234 3.44856119 2.87289000 3.16072559 1.20038056 1.44091332
 45.9000015 2.70312428 3.11243844 2.90778136 3.45285773 2.87902212 3.16593981 1.19931614 1.43835926
 46.0000000 2.69746161 3.09518194 2.89632177 3.44931793 2.90033770 3.17482781 1.18928146 1.41439044
 46.1000023 2.69451714 3.07629418 2.88540578 3.45417094 2.93001676 3.19209385 1.17889118 1.38978434
 46.2000008 2.69407487 3.06659317 2.88033414 3.46080709 2.95640230 3.20860481 1.17061436 1.37033808
 46.2999992 2.68194842 3.05593991 2.86894417 3.45748496 2.96944666 3.21346593 1.16435325 1.35571849
 46.4000015 2.66413426 3.04503822 2.85458636 3.45701408 2.96525359 3.21113372 1.16584098 1.35918522
 46.5000000 2.64096189 3.02408290 2.83252239 3.44301820 2.96558666 3.20430255 1.16099060 1.34789920
 46.6000023 2.63514948 3.01747155 2.82631063 3.44618559 2.96639538 3.20629048 1.16174185 1.34964406
 46.7000008 2.63882399 3.02293229 2.83087826 3.44530678 2.96824217 3.20677447 1.16072285 1.34727764
 46.7999992 2.61951923 2.99074554 2.80513239 3.43907571 2.95629334 3.19768453 1.16330671 1.35328245
 46.9000015 2.59937906 2.97212911 2.78575397 3.42896819 2.95742178 3.19319487 1.15944505 1.34431291
 47.0000000 2.59477925 2.95068336 2.77273130 3.42964482 2.95248747 3.19106603 1.16161203 1.34934258
 47.1000023 2.56904674 2.93266010 2.75085354 3.43346167 2.95422578 3.19384360 1.16222048 1.35075641
 47.2000008 2.55680108 2.91579485 2.73629785 3.43069530 2.95515656 3.19292593 1.16091835 1.34773135
 47.2999992 2.53634119 2.87296271 2.70465183 3.42528272 2.94904304 3.18716288 1.16148961 1.34905803
 47.4000015 2.51299858 2.85306573 2.68303227 3.42742205 2.93838739 3.18290472 1.16642964 1.36055803
 47.5000000 2.49982595 2.83585167 2.66783881 3.43326855 2.95671582 3.19499230 1.16117632 1.34833050
 47.6000023 2.48944759 2.81957221 2.65451002 3.42250037 2.95298481 3.18774247 1.15899694 1.34327388
 47.7000008 2.49487591 2.82503390 2.65995502 3.42142034 2.95239639 3.18690825 1.15886223 1.34296155
 47.7999992 2.49397683 2.81695986 2.65546846 3.43105912 2.96262074 3.19683981 1.15811622 1.34123302
 47.9000015 2.49287939 2.79438591 2.64363265 3.43439269 2.95853996 3.19646645 1.16084039 1.34755039
 48.0000000 2.48639011 2.77494526 2.63066769 3.43226814 2.96105337 3.19666076 1.15913749 1.34359968
 48.1000023 2.48650408 2.76719332 2.62684870 3.43109488 2.97766423 3.20437956 1.15227735 1.32774305
 48.2000008 2.48540425 2.75346684 2.61943555 3.43584371 2.98087955 3.20836163 1.15262747 1.32855022
 48.2999992 2.47902441 2.74686646 2.61294556 3.44075036 2.97537899 3.20806456 1.15640736 1.33727801
 48.4000015 2.47250056 2.75014257 2.61132145 3.46340394 2.99294019 3.22817206 1.15719116 1.33909142
 48.5000000 2.45606375 2.73870850 2.59738612 3.47264671 2.98578477 3.22921586 1.16305995 1.35270858
 48.6000023 2.45438910 2.72300839 2.58869863 3.48153639 2.99231434 3.23692536 1.16349292 1.35371578
 48.7000008 2.44388437 2.71048188 2.57718301 3.48270249 2.98804593 3.23537421 1.16554511 1.35849547
 48.7999992 2.43802667 2.69300127 2.56551409 3.48064184 2.99204946 3.23634553 1.16329694 1.35325968
 48.9000015 2.42380357 2.67759991 2.55070162 3.47548342 3.00940776 3.24244571 1.15487278 1.33373129
 49.0000000 2.41239667 2.65584707 2.53412199 3.47398949 3.02214456 3.24806714 1.14951146 1.32137644
 49.1000023 2.40215588 2.63764954 2.51990271 3.48787522 3.02150416 3.25468969 1.15435064 1.33252549
 49.2000008 2.38455915 2.62285042 2.50370479 3.50325489 3.01768064 3.26046777 1.16090977 1.34771132
 49.2999992 2.37873149 2.60387063 2.49130106 3.50423837 3.00285268 3.25354552 1.16696978 1.36181855
 49.4000015 2.36525655 2.58722305 2.47623968 3.51780725 3.00399184 3.26089954 1.17104423 1.37134457
 49.5000000 2.35085821 2.58053350 2.46569586 3.51390171 2.99249268 3.25319719 1.17423904 1.37883735
 49.6000023 2.33925486 2.56385827 2.45155644 3.50378418 2.99027896 3.24703145 1.17172480 1.37293911
 49.7000008 2.32129502 2.54855561 2.43492532 3.49978256 3.00474310 3.25226283 1.16475260 1.35664868
 49.7999992 2.30978823 2.53636980 2.42307901 3.51269889 2.99921608 3.25595760 1.17120564 1.37172270
 49.9000015 2.29894781 2.52269769 2.41082263 3.52254868 3.00012159 3.26133513 1.17413533 1.37859380
 50.0000000 2.29658413 2.52179599 2.40918994 3.52229571 3.00883055 3.26556301 1.17065275 1.37042773
 50.1000023 2.28995728 2.50899291 2.39947510 3.52989912 3.02444792 3.27717352 1.16712177 1.36217320
 50.2000008 2.27170658 2.48799443 2.37985063 3.53518772 3.02714229 3.28116488 1.16783011 1.36382699
 50.2999992 2.25812888 2.47317195 2.36565042 3.53385520 3.03833389 3.28609443 1.16308975 1.35277784
 50.4000015 2.25679278 2.46423316 2.36051297 3.52946997 3.04116297 3.28531647 1.16056585 1.34691310
 50.5000000 2.23807120 2.45680881 2.34744000 3.52287221 3.05473185 3.28880215 1.15325081 1.32998753
 50.6000023 2.23040652 2.45657921 2.34349275 3.51810813 3.05641460 3.28726149 1.15105724 1.32493269
 50.7000008 2.22319007 2.44518065 2.33418536 3.51650810 3.06326962 3.28988886 1.14795911 1.31781006
 50.7999992 2.22647357 2.43921471 2.33284402 3.52508330 3.09441185 3.30974746 1.13917720 1.29772472
 50.9000015 2.23462796 2.43605018 2.33533907 3.53551936 3.09917855 3.31734896 1.14079249 1.30140734
 51.0000000 2.22651505 2.42324018 2.32487750 3.53709006 3.09523487 3.31616259 1.14275336 1.30588520
 51.1000023 2.22213745 2.42032623 2.32123184 3.53344774 3.09677291 3.31511021 1.14100969 1.30190301
 51.2000008 2.21066928 2.40959311 2.31013107 3.52737403 3.09080887 3.30909157 1.14124632 1.30244303
 51.2999992 2.20793843 2.38953161 2.29873514 3.53106523 3.08677697 3.30892110 1.14393282 1.30858219
 51.4000015 2.20134377 2.37092018 2.28613210 3.54310703 3.07980418 3.31145549 1.15043259 1.32349515
 51.5000000 2.19939470 2.35420775 2.27680111 3.54344797 3.08326125 3.31335473 1.14925325 1.32078302
 51.6000023 2.20199561 2.35412288 2.27805924 3.54785275 3.09158325 3.31971812 1.14758432 1.31694984
 51.7000008 2.18710947 2.34329796 2.26520371 3.55137277 3.10463405 3.32800341 1.14389420 1.30849385
 51.7999992 2.16763830 2.32387996 2.24575925 3.55314231 3.11042190 3.33178210 1.14233458 1.30492830
 51.9000015 2.16227794 2.31925893 2.24076843 3.54082131 3.11134219 3.32608175 1.13803661 1.29512727
 52.0000000 2.16082907 2.29935074 2.23008990 3.54088736 3.12250090 3.33169413 1.13399088 1.28593516
 52.1000023 2.15191174 2.29648304 2.22419739 3.54829764 3.11281061 3.33055425 1.13990152 1.29937553
 52.2000008 2.14429593 2.28825331 2.21627450 3.53685093 3.11855769 3.32770419 1.13413036 1.28625166
 52.2999992 2.13264465 2.28470254 2.20867348 3.53305078 3.11016059 3.32160568 1.13597047 1.29042900
 52.4000015 2.11365199 2.26079035 2.18722129 3.52905989 3.10249233 3.31577611 1.13749194 1.29388785
 52.5000000 2.10766697 2.25767803 2.18267250 3.53455448 3.10105872 3.31780672 1.13978958 1.29912031
 52.6000023 2.10949612 2.24474812 2.17712212 3.54328251 3.10785151 3.32556701 1.14010668 1.29984331
 52.7000008 2.10324144 2.23333216 2.16828680 3.54905820 3.11379862 3.33142829 1.13978410 1.29910779
 52.7999992 2.09916377 2.22113204 2.16014791 3.55091286 3.12856507 3.33973885 1.13499725 1.28821886
 52.9000015 2.09154844 2.20096350 2.14625597 3.55865788 3.12936521 3.34401155 1.13718200 1.29318297
 53.0000000 2.07623959 2.19897461 2.13760710 3.56717634 3.12959599 3.34838605 1.13981998 1.29918969
 53.1000023 2.08148360 2.19292283 2.13720322 3.56273556 3.13473415 3.34873486 1.13653517 1.29171216
 53.2000008 2.08708835 2.17669392 2.13189101 3.56305432 3.14321065 3.35313249 1.13357162 1.28498459
 53.2999992 2.09303522 2.17326045 2.13314795 3.56558251 3.14686823 3.35622549 1.13305736 1.28381908
 53.4000015 2.09754539 2.16463518 2.13109040 3.57296896 3.14687252 3.35992074 1.13540316 1.28914034
 53.5000000 2.10438037 2.16533303 2.13485670 3.56556392 3.15611887 3.36084151 1.12973058 1.27629113
 53.6000023 2.10800052 2.15999436 2.13399744 3.57606363 3.16097569 3.36851954 1.13131642 1.27987683
 53.7000008 2.10361457 2.15442896 2.12902164 3.59085870 3.16092396 3.37589121 1.13601553 1.29053128
 53.7999992 2.09960055 2.14684558 2.12322307 3.59955144 3.16696286 3.38325715 1.13659418 1.29184639
 53.9000015 2.08722401 2.13848495 2.11285448 3.60294342 3.16549826 3.38422084 1.13819158 1.29548001
 54.0000000 2.08744407 2.13238478 2.10991454 3.60013390 3.17037559 3.38525462 1.13555443 1.28948379
 54.1000023 2.08568311 2.12861466 2.10714889 3.60299516 3.17878366 3.39088941 1.13345087 1.28471088
 54.2000008 2.07867384 2.11531472 2.09699416 3.61479187 3.18646383 3.40062785 1.13442111 1.28691125
 54.2999992 2.06595588 2.10648680 2.08622146 3.62480927 3.19420528 3.40950727 1.13480783 1.28778899
 54.4000015 2.05277252 2.09946728 2.07611990 3.62169099 3.19558263 3.40863681 1.13334286 1.28446615
 54.5000000 2.05035186 2.09413218 2.07224202 3.62266111 3.19673061 3.40969586 1.13323951 1.28423166
 54.6000023 2.05389333 2.08639193 2.07014251 3.61356831 3.19479084 3.40417957 1.13108146 1.27934515
 54.7000008 2.03744769 2.08175230 2.05959988 3.62277937 3.20303869 3.41290903 1.13104451 1.27926159
 54.7999992 2.03031397 2.06486440 2.04758906 3.62064862 3.20397806 3.41231346 1.13004780 1.27700818
 54.9000015 2.02558136 2.05751705 2.04154921 3.61556292 3.20859027 3.41207671 1.12683845 1.26976490
 55.0000000 2.01678848 2.04747510 2.03213191 3.61662173 3.20004129 3.40833139 1.13017976 1.27730620
 55.1000023 2.01178455 2.04706216 2.02942324 3.62045598 3.20843244 3.41444421 1.12841892 1.27332938
 55.2000008 1.99960959 2.03732610 2.01846790 3.62741256 3.21831703 3.42286491 1.12711465 1.27038753
 55.2999992 1.99072576 2.02035904 2.00554252 3.61856532 3.21049452 3.41452980 1.12710536 1.27036631
 55.4000015 1.98043478 2.01260209 1.99651849 3.62928820 3.21749806 3.42339325 1.12798464 1.27234936
 55.5000000 1.97381580 2.00238347 1.98809969 3.63400269 3.22456837 3.42928553 1.12697339 1.27006900
 55.6000023 1.96985936 1.99835324 1.98410630 3.63429284 3.22434402 3.42931843 1.12714183 1.27044857
 55.7000008 1.96248710 1.99353933 1.97801316 3.63685608 3.22850609 3.43268108 1.12648261 1.26896322
 55.7999992 1.96162200 1.98997521 1.97579861 3.64884067 3.23175406 3.44029737 1.12905884 1.27477384
 55.9000015 1.96096861 1.97614896 1.96855879 3.65035987 3.23996401 3.44516206 1.12666678 1.26937807
 56.0000000 1.95103943 1.96659732 1.95881832 3.63675928 3.24595284 3.44135618 1.12039804 1.25529182
 56.1000023 1.94866359 1.96260977 1.95563662 3.63574314 3.25141454 3.44357896 1.11820352 1.25037920
 56.2000008 1.94260538 1.95658290 1.94959414 3.63761115 3.25801873 3.44781494 1.11651015 1.24659503
 56.2999992 1.93922877 1.94523931 1.94223404 3.64749479 3.25944185 3.45346832 1.11905503 1.25228417
 56.4000015 1.93727267 1.93735230 1.93731248 3.64337897 3.26521945 3.45429921 1.11581445 1.24504185
 56.5000000 1.93052542 1.92815948 1.92934251 3.64362931 3.27199221 3.45781088 1.11358130 1.24006343
 56.6000023 1.92298365 1.91654372 1.91976368 3.63349485 3.27194381 3.45271921 1.11050034 1.23321104
 56.7000008 1.91812193 1.92057872 1.91935039 3.64322424 3.27828002 3.46075225 1.11132193 1.23503637
 56.7999992 1.91611242 1.90548277 1.91079760 3.65548086 3.29080510 3.47314286 1.11081660 1.23391342
 56.9000015 1.91130221 1.90124881 1.90627551 3.65893483 3.29161048 3.47527266 1.11159408 1.23564148
 57.0000000 1.90730071 1.89240563 1.89985323 3.66762114 3.29424429 3.48093271 1.11334217 1.23953068
 57.1000023 1.90425384 1.89071071 1.89748228 3.65898156 3.29401159 3.47649646 1.11079800 1.23387218
 57.2000008 1.89855707 1.88054991 1.88955343 3.66848898 3.29429579 3.48139238 1.11358821 1.24007881
 57.2999992 1.89019799 1.87447941 1.88233864 3.66925240 3.28381824 3.47653532 1.11737382 1.24852419
 57.4000015 1.88594234 1.86499667 1.87546945 3.67239213 3.28129601 3.47684407 1.11918950 1.25258517
 57.5000000 1.87586033 1.85844374 1.86715198 3.68469095 3.28632283 3.48550701 1.12122011 1.25713444
 57.6000023 1.87871122 1.85348773 1.86609948 3.68188834 3.29332423 3.48760629 1.11798537 1.24989116
 57.7000008 1.87390900 1.84898698 1.86144793 3.67400360 3.29732132 3.48566246 1.11423886 1.24152815
 57.7999992 1.86356544 1.83611262 1.84983897 3.66279006 3.29864502 3.48071766 1.11039233 1.23297107
 57.9000015 1.86054063 1.83026814 1.84540439 3.65193844 3.30933356 3.48063588 1.10352683 1.21777153
 58.0000000 1.84518659 1.82338321 1.83428490 3.63572812 3.30786777 3.47179794 1.09911537 1.20805442
 58.1000023 1.83931887 1.80965829 1.82448864 3.63530350 3.31505203 3.47517776 1.09660530 1.20254314
 58.2000008 1.82928646 1.80221725 1.81575191 3.63048387 3.31348419 3.47198415 1.09566951 1.20049179
 58.2999992 1.81652308 1.79795754 1.80724037 3.62458301 3.30938649 3.46698475 1.09524322 1.19955754
 58.4000015 1.80650008 1.78192544 1.79421270 3.62563109 3.31603575 3.47083330 1.09336305 1.19544280
 58.5000000 1.78988910 1.77384067 1.78186488 3.62129235 3.31722188 3.46925712 1.09166420 1.19173086
 58.6000023 1.78080750 1.76483655 1.77282202 3.62545133 3.30655384 3.46600270 1.09644413 1.20218968
 58.7000008 1.77163339 1.75837564 1.76500452 3.63793612 3.32044864 3.47919250 1.09561574 1.20037401
 58.7999992 1.76970315 1.75939333 1.76454818 3.63441992 3.31172180 3.47307086 1.09744120 1.20437717
 58.9000015 1.76391315 1.75279117 1.75835216 3.63948059 3.31353140 3.47650599 1.09836912 1.20641482
 59.0000000 1.75938010 1.74750853 1.75344431 3.64821672 3.32038045 3.48429847 1.09873462 1.20721769
 59.1000023 1.75933957 1.74416447 1.75175202 3.65239263 3.31865597 3.48552418 1.10056376 1.21124065
 59.2000008 1.76219559 1.74373877 1.75296712 3.64311385 3.32895875 3.48603630 1.09437037 1.19764662
 59.2999992 1.76020455 1.73836601 1.74928522 3.65509033 3.32268882 3.48888969 1.10003996 1.21008790
 59.4000015 1.75797689 1.73370862 1.74584270 3.65454221 3.31927419 3.48690820 1.10100639 1.21221507
 59.5000000 1.75422251 1.72469831 1.73946047 3.66633463 3.32600188 3.49616814 1.10232484 1.21512020
 59.6000023 1.74984932 1.72118890 1.73551905 3.67150664 3.32899284 3.50024986 1.10288811 1.21636212
 59.7000008 1.74838102 1.71725821 1.73281968 3.67744875 3.33407879 3.50576377 1.10298789 1.21658242
 59.7999992 1.75278556 1.71053767 1.73166156 3.67339587 3.34376287 3.50857949 1.09858143 1.20688128
 59.9000015 1.74748254 1.70049465 1.72398853 3.67821503 3.34954286 3.51387882 1.09812450 1.20587742
 60.0000000 1.74578929 1.69197166 1.71888041 3.67953014 3.36054707 3.52003860 1.09491992 1.19884968
 60.1000023 1.75239933 1.69218349 1.72229135 3.68370700 3.36700058 3.52535391 1.09406197 1.19697154
